<?xml version="1.0" encoding="UTF-8"?>
<!-- Generated by org.testng.reporters.JUnitReportReporter -->
<testsuite hostname="DESKTOP-POD63J8" failures="0" tests="1" name="com.Test.demo" time="10.592" errors="0" timestamp="2021-02-05T10:35:07 IST" skipped="0">
  <testcase classname="com.Test.demo" name="actionTest" time="10.592"/>
  <system-out/>
</testsuite> <!-- com.Test.demo -->
