<?xml version="1.0" encoding="UTF-8"?>
<!-- Generated by org.testng.reporters.JUnitReportReporter -->
<testsuite hostname="DESKTOP-POD63J8" failures="0" tests="1" name="com.Test.prac" time="0.017" errors="0" timestamp="2021-02-03T14:12:25 IST" skipped="0">
  <testcase classname="com.Test.prac" name="test" time="0.017"/>
  <system-out/>
</testsuite> <!-- com.Test.prac -->
