<?xml version="1.0" encoding="UTF-8"?>
<!-- Generated by org.testng.reporters.JUnitReportReporter -->
<testsuite hostname="DESKTOP-POD63J8" failures="0" tests="2" name="com.Test.TestController" time="112.514" errors="0" timestamp="2021-03-12T10:16:16 IST" skipped="0">
  <testcase classname="com.Test.TestController" name="TestCaseController" time="81.864"/>
  <system-out/>
  <testcase classname="com.Test.TestController" name="TestCaseController" time="30.650"/>
  <system-out/>
</testsuite> <!-- com.Test.TestController -->
